Flow report for cpu
Thu Jun 20 09:20:32 2019
Quartus II 64-Bit Version 9.1 Build 222 10/21/2009 SJ Full Version


---------------------
; Table of Contents ;
---------------------
  1. Legal Notice
  2. Flow Summary
  3. Flow Settings
  4. Flow Non-Default Global Settings
  5. Flow Elapsed Time
  6. Flow OS Summary
  7. Flow Log



----------------
; Legal Notice ;
----------------
Copyright (C) 1991-2009 Altera Corporation
Your use of Altera Corporation's design tools, logic functions 
and other software and tools, and its AMPP partner logic 
functions, and any output files from any of the foregoing 
(including device programming or simulation files), and any 
associated documentation or information are expressly subject 
to the terms and conditions of the Altera Program License 
Subscription Agreement, Altera MegaCore Function License 
Agreement, or other applicable license agreement, including, 
without limitation, that your use is for the sole purpose of 
programming logic devices manufactured by Altera and sold by 
Altera or its authorized distributors.  Please refer to the 
applicable agreement for further details.



+----------------------------------------------------------------------+
; Flow Summary                                                         ;
+---------------------------+------------------------------------------+
; Flow Status               ; Successful - Thu Jun 20 09:20:32 2019    ;
; Quartus II 64-Bit Version ; 9.1 Build 222 10/21/2009 SJ Full Version ;
; Revision Name             ; cpu                                      ;
; Top-level Entity Name     ; cpu                                      ;
; Family                    ; MAX7000S                                 ;
; Device                    ; EPM7128SLC84-15                          ;
; Timing Models             ; Final                                    ;
; Met timing requirements   ; Yes                                      ;
; Total macrocells          ; 34 / 128 ( 27 % )                        ;
; Total pins                ; 45 / 68 ( 66 % )                         ;
+---------------------------+------------------------------------------+


+-----------------------------------------+
; Flow Settings                           ;
+-------------------+---------------------+
; Option            ; Setting             ;
+-------------------+---------------------+
; Start date & time ; 06/20/2019 09:20:21 ;
; Main task         ; Compilation         ;
; Revision Name     ; cpu                 ;
+-------------------+---------------------+


+------------------------------------------------------------------------------------------------------------------------------+
; Flow Non-Default Global Settings                                                                                             ;
+------------------------------------+------------------------------------+---------------+-------------+----------------------+
; Assignment Name                    ; Value                              ; Default Value ; Entity Name ; Section Id           ;
+------------------------------------+------------------------------------+---------------+-------------+----------------------+
; COMPILER_SIGNATURE_ID              ; 264355436516867.156099362122140    ; --            ; --          ; --                   ;
; EDA_DESIGN_ENTRY_SYNTHESIS_TOOL    ; Design Compiler                    ; <None>        ; --          ; --                   ;
; EDA_INPUT_DATA_FORMAT              ; Vhdl                               ; --            ; --          ; eda_design_synthesis ;
; EDA_INPUT_VCC_NAME                 ; Vdd                                ; --            ; --          ; eda_design_synthesis ;
; EDA_LMF_FILE                       ; altsyn.lmf                         ; --            ; --          ; eda_design_synthesis ;
; MAX_CORE_JUNCTION_TEMP             ; 85                                 ; --            ; --          ; --                   ;
; MIN_CORE_JUNCTION_TEMP             ; 0                                  ; --            ; --          ; --                   ;
; MISC_FILE                          ; C:/Users/zhang/Desktop/cpu/cpu.dpf ; --            ; --          ; --                   ;
; USE_GENERATED_PHYSICAL_CONSTRAINTS ; Off                                ; --            ; --          ; eda_blast_fpga       ;
+------------------------------------+------------------------------------+---------------+-------------+----------------------+


+-----------------------------------------------------------------------------------------------------------------------------+
; Flow Elapsed Time                                                                                                           ;
+-------------------------+--------------+-------------------------+---------------------+------------------------------------+
; Module Name             ; Elapsed Time ; Average Processors Used ; Peak Virtual Memory ; Total CPU Time (on all processors) ;
+-------------------------+--------------+-------------------------+---------------------+------------------------------------+
; Analysis & Synthesis    ; 00:00:04     ; 1.0                     ; 4469 MB             ; 00:00:04                           ;
; Fitter                  ; 00:00:01     ; 1.0                     ; 4432 MB             ; 00:00:01                           ;
; Assembler               ; 00:00:01     ; 1.0                     ; 4385 MB             ; 00:00:01                           ;
; Classic Timing Analyzer ; 00:00:01     ; 1.0                     ; 4365 MB             ; 00:00:01                           ;
; Total                   ; 00:00:07     ; --                      ; --                  ; 00:00:07                           ;
+-------------------------+--------------+-------------------------+---------------------+------------------------------------+


+------------------------------------------------------------------------------------------+
; Flow OS Summary                                                                          ;
+-------------------------+------------------+---------------+------------+----------------+
; Module Name             ; Machine Hostname ; OS Name       ; OS Version ; Processor type ;
+-------------------------+------------------+---------------+------------+----------------+
; Analysis & Synthesis    ; DESKTOP-RUUUMD7  ; Windows Vista ; 6.2        ; x86_64         ;
; Fitter                  ; DESKTOP-RUUUMD7  ; Windows Vista ; 6.2        ; x86_64         ;
; Assembler               ; DESKTOP-RUUUMD7  ; Windows Vista ; 6.2        ; x86_64         ;
; Classic Timing Analyzer ; DESKTOP-RUUUMD7  ; Windows Vista ; 6.2        ; x86_64         ;
+-------------------------+------------------+---------------+------------+----------------+


------------
; Flow Log ;
------------
quartus_map --read_settings_files=on --write_settings_files=off cpu -c cpu
quartus_fit --read_settings_files=off --write_settings_files=off cpu -c cpu
quartus_asm --read_settings_files=off --write_settings_files=off cpu -c cpu
quartus_tan --read_settings_files=off --write_settings_files=off cpu -c cpu
quartus_eda --read_settings_files=off --write_settings_files=off cpu -c cpu



