EDA Netlist Writer report for cpu
Thu Jun 20 09:20:32 2019
Quartus II 64-Bit Version 9.1 Build 222 10/21/2009 SJ Full Version


---------------------
; Table of Contents ;
---------------------
  1. Legal Notice
  2. EDA Netlist Writer Summary
  3. EDA Netlist Writer Messages



----------------
; Legal Notice ;
----------------
Copyright (C) 1991-2009 Altera Corporation
Your use of Altera Corporation's design tools, logic functions 
and other software and tools, and its AMPP partner logic 
functions, and any output files from any of the foregoing 
(including device programming or simulation files), and any 
associated documentation or information are expressly subject 
to the terms and conditions of the Altera Program License 
Subscription Agreement, Altera MegaCore Function License 
Agreement, or other applicable license agreement, including, 
without limitation, that your use is for the sole purpose of 
programming logic devices manufactured by Altera and sold by 
Altera or its authorized distributors.  Please refer to the 
applicable agreement for further details.



+----------------------------------------------------------------------------------+
; EDA Netlist Writer Summary                                                       ;
+---------------------------+------------------------------------------------------+
; EDA Netlist Writer Status ; No Output Files Generated - Thu Jun 20 09:20:32 2019 ;
; Revision Name             ; cpu                                                  ;
; Top-level Entity Name     ; cpu                                                  ;
; Family                    ; MAX7000S                                             ;
+---------------------------+------------------------------------------------------+


+-----------------------------+
; EDA Netlist Writer Messages ;
+-----------------------------+
Info: *******************************************************************
Info: Running Quartus II 64-Bit EDA Netlist Writer
    Info: Version 9.1 Build 222 10/21/2009 SJ Full Version
    Info: Processing started: Thu Jun 20 09:20:31 2019
Info: Command: quartus_eda --read_settings_files=off --write_settings_files=off cpu -c cpu
Warning: Can't generate output files. Specify command-line options to generate output files, or update EDA tool settings using GUI or Tcl script.
Info: Quartus II 64-Bit EDA Netlist Writer was successful. 0 errors, 1 warning
    Info: Peak virtual memory: 4374 megabytes
    Info: Processing ended: Thu Jun 20 09:20:32 2019
    Info: Elapsed time: 00:00:01
    Info: Total CPU time (on all processors): 00:00:01


